<?xml version="1.0" encoding="UTF-8"?>
<!-- Generated by org.testng.reporters.JUnitReportReporter -->
<testsuite skipped="0" hostname="hass-MBP" name="com.tutorial.testng.parallel.ClassInParallelTwo" tests="2" failures="0" timestamp="13 Sep 2018 00:15:34 GMT" time="0.004" errors="0">
  <testcase name="firstTestMethod" time="0.002" classname="com.tutorial.testng.parallel.ClassInParallelTwo"/>
  <testcase name="secondTestMethod" time="0.002" classname="com.tutorial.testng.parallel.ClassInParallelTwo"/>
</testsuite> <!-- com.tutorial.testng.parallel.ClassInParallelTwo -->
