<?xml version="1.0" encoding="UTF-8"?>
<!-- Generated by org.testng.reporters.JUnitReportReporter -->
<testsuite skipped="0" hostname="hass-MBP" name="com.tutorial.testng.parallel.ClassInParallelOne" tests="2" failures="0" timestamp="13 Sep 2018 00:15:34 GMT" time="0.016" errors="0">
  <testcase name="secondTestMethod" time="0.002" classname="com.tutorial.testng.parallel.ClassInParallelOne"/>
  <testcase name="firstTestMethod" time="0.014" classname="com.tutorial.testng.parallel.ClassInParallelOne"/>
</testsuite> <!-- com.tutorial.testng.parallel.ClassInParallelOne -->
