<?xml version="1.0" encoding="UTF-8"?>
<!-- Generated by org.testng.reporters.JUnitReportReporter -->
<testsuite skipped="0" hostname="hass-MBP" name="com.tutorial.testng.parallel.MethodInParallel" tests="2" failures="0" timestamp="13 Sep 2018 00:06:20 GMT" time="0.011" errors="0">
  <testcase name="firstTestMethod" time="0.010" classname="com.tutorial.testng.parallel.MethodInParallel"/>
  <testcase name="secondTestMethod" time="0.001" classname="com.tutorial.testng.parallel.MethodInParallel"/>
</testsuite> <!-- com.tutorial.testng.parallel.MethodInParallel -->
